<?xml version="1.0" encoding="UTF-8"?>
<testsuite name="TestNote" tests="1" skipped="0" failures="0" errors="0" timestamp="2019-07-18T15:39:41" hostname="stavyandeMacBook-Air.local" time="0.06">
  <properties/>
  <testcase name="testListAll" classname="TestNote" time="0.06"/>
  <system-out><![CDATA[[第一个笔记本首页, a给b转账100]
]]></system-out>
  <system-err><![CDATA[]]></system-err>
</testsuite>
